<?xml version="1.0" encoding="UTF-8"?>
<!-- Generated by org.testng.reporters.JUnitReportReporter -->
<testsuite hostname="Latitude3590" failures="0" tests="2" name="introduction2.GreenKart" time="8.417" errors="0" timestamp="2024-12-19T21:30:47 IST" skipped="0">
  <testcase classname="introduction2.GreenKart" name="addToCartPage" time="0.658"/>
  <testcase classname="introduction2.GreenKart" name="checkoutPage" time="7.759"/>
</testsuite> <!-- introduction2.GreenKart -->
