<?xml version="1.0" encoding="UTF-8"?>
<!-- Generated by org.testng.reporters.JUnitReportReporter -->
<testsuite hostname="Latitude3590" failures="0" tests="3" name="introduction.Section11" time="35.166" errors="0" timestamp="2024-10-29T22:47:17 IST" skipped="0">
  <testcase classname="introduction.Section11" name="countLinks" time="15.273"/>
  <testcase classname="introduction.Section11" name="scrolling" time="10.694"/>
  <testcase classname="introduction.Section11" name="calendar" time="9.199"/>
</testsuite> <!-- introduction.Section11 -->
