<?xml version="1.0" encoding="UTF-8"?>
<!-- Generated by org.testng.reporters.JUnitReportReporter -->
<testsuite hostname="Latitude3590" failures="0" tests="1" name="interview.Interview" time="33.005" errors="0" timestamp="2025-01-10T11:53:14 IST" skipped="0">
  <testcase classname="interview.Interview" name="test" time="33.005"/>
</testsuite> <!-- interview.Interview -->
