<?xml version="1.0" encoding="UTF-8"?>
<!-- Generated by org.testng.reporters.JUnitReportReporter -->
<testsuite hostname="Latitude3590" failures="0" tests="2" name="introduction2.Section12" time="2.434" errors="0" timestamp="2024-12-23T11:56:33 IST" skipped="0">
  <testcase classname="introduction2.Section12" name="scrollWebTable" time="2.262"/>
  <testcase classname="introduction2.Section12" name="handleGrids" time="0.172"/>
</testsuite> <!-- introduction2.Section12 -->
