<?xml version="1.0" encoding="UTF-8"?>
<!-- Generated by org.testng.reporters.JUnitReportReporter -->
<testsuite hostname="Latitude3590" failures="0" tests="2" name="xalts.XaltsWebsite" time="23.538" errors="0" timestamp="2025-02-12T12:43:55 IST" skipped="0">
  <testcase classname="xalts.XaltsWebsite" name="signin" time="16.106"/>
  <testcase classname="xalts.XaltsWebsite" name="signup" time="7.432"/>
</testsuite> <!-- xalts.XaltsWebsite -->
