<?xml version="1.0" encoding="UTF-8"?>
<!-- Generated by org.testng.reporters.JUnitReportReporter -->
<testsuite hostname="Latitude3590" failures="0" tests="4" name="introduction2.Section10" time="22.033" errors="0" timestamp="2024-12-20T14:48:00 IST" skipped="0">
  <testcase classname="introduction2.Section10" name="frames" time="3.634"/>
  <testcase classname="introduction2.Section10" name="zchildWindow" time="1.884"/>
  <testcase classname="introduction2.Section10" name="enterTextInUpperCase" time="0.307"/>
  <testcase classname="introduction2.Section10" name="amouseHover" time="16.208"/>
</testsuite> <!-- introduction2.Section10 -->
