<?xml version="1.0" encoding="UTF-8"?>
<!-- Generated by org.testng.reporters.JUnitReportReporter -->
<testsuite hostname="Latitude3590" failures="0" tests="1" name="introduction2.Assessment_Python" time="0.482" errors="0" timestamp="2025-01-28T13:43:33 IST" skipped="0">
  <testcase classname="introduction2.Assessment_Python" name="searchBoxFunctionality" time="0.482"/>
</testsuite> <!-- introduction2.Assessment_Python -->
