<?xml version="1.0" encoding="UTF-8"?>
<!-- Generated by org.testng.reporters.JUnitReportReporter -->
<testsuite hostname="Latitude3590" failures="0" tests="4" name="framework2.PageObjectTest" time="42.023" errors="0" timestamp="2025-01-06T13:49:29 IST" skipped="0">
  <testcase classname="framework2.PageObjectTest" name="endToEndTest" time="13.845"/>
  <testcase classname="framework2.PageObjectTest" name="endToEndTest" time="15.260"/>
  <testcase classname="framework2.PageObjectTest" name="orderHistory" time="6.872"/>
  <testcase classname="framework2.PageObjectTest" name="orderHistory" time="6.046"/>
</testsuite> <!-- framework2.PageObjectTest -->
