<?xml version="1.0" encoding="UTF-8"?>
<!-- Generated by org.testng.reporters.JUnitReportReporter -->
<testsuite hostname="Latitude3590" failures="0" tests="3" name="introduction.SpiceJetTest" time="4.199" errors="0" timestamp="2024-12-18T19:44:54 IST" skipped="0">
  <testcase classname="introduction.SpiceJetTest" name="others" time="2.303"/>
  <testcase classname="introduction.SpiceJetTest" name="date" time="0.268"/>
  <testcase classname="introduction.SpiceJetTest" name="destination" time="1.628"/>
</testsuite> <!-- introduction.SpiceJetTest -->
