<?xml version="1.0" encoding="UTF-8"?>
<!-- Generated by org.testng.reporters.JUnitReportReporter -->
<testsuite hostname="Latitude3590" failures="0" tests="1" name="introduction2.Section6" time="4.032" errors="0" timestamp="2024-12-16T18:52:58 IST" skipped="0">
  <testcase classname="introduction2.Section6" name="navigation" time="4.032"/>
</testsuite> <!-- introduction2.Section6 -->
