<?xml version="1.0" encoding="UTF-8"?>
<!-- Generated by org.testng.reporters.JUnitReportReporter -->
<testsuite hostname="Latitude3590" failures="0" tests="1" name="introduction2.Qa_selenium_test" time="0.173" errors="0" timestamp="2025-01-14T10:45:39 IST" skipped="0">
  <testcase classname="introduction2.Qa_selenium_test" name="searchBoxFunctionality" time="0.173"/>
</testsuite> <!-- introduction2.Qa_selenium_test -->
