<?xml version="1.0" encoding="UTF-8"?>
<!-- Generated by org.testng.reporters.JUnitReportReporter -->
<testsuite hostname="Latitude3590" failures="0" tests="2" name="introduction2.Sectionn15" time="5.586" errors="0" timestamp="2024-12-28T11:45:17 IST" skipped="0">
  <testcase classname="introduction2.Sectionn15" name="relativeLocators" time="0.332"/>
  <testcase classname="introduction2.Sectionn15" name="littleAssessment" time="5.254"/>
</testsuite> <!-- introduction2.Sectionn15 -->
