<?xml version="1.0" encoding="UTF-8"?>
<!-- Generated by org.testng.reporters.JUnitReportReporter -->
<testsuite hostname="Latitude3590" failures="0" tests="1" name="introduction.Frames" time="0.563" errors="0" timestamp="2024-10-29T00:25:29 IST" skipped="0">
  <testcase classname="introduction.Frames" name="frame" time="0.563"/>
</testsuite> <!-- introduction.Frames -->
