<?xml version="1.0" encoding="UTF-8"?>
<!-- Generated by org.testng.reporters.JUnitReportReporter -->
<testsuite hostname="Latitude3590" failures="0" tests="8" name="introduction2.Section7" time="8.065" errors="0" timestamp="2024-12-19T12:25:01 IST" skipped="1">
  <testcase classname="introduction2.Section7" name="alerts" time="4.319"/>
  <testcase classname="introduction2.Section7" name="autoSuggestiveDropdown" time="0.513"/>
  <testcase classname="introduction2.Section7" name="dynamicDropdown2" time="0.751"/>
  <testcase classname="introduction2.Section7" name="dynamicDropdown" time="0.506"/>
  <testcase classname="introduction2.Section7" name="findFlights" time="0.320"/>
  <testcase classname="introduction2.Section7" name="checkbox" time="0.146"/>
  <testcase classname="introduction2.Section7" name="astaticDropdown" time="1.510"/>
  <testcase classname="introduction2.Section7" name="navigation">
    <skipped/>
  </testcase> <!-- navigation -->
</testsuite> <!-- introduction2.Section7 -->
