<?xml version="1.0" encoding="UTF-8"?>
<!-- Generated by org.testng.reporters.JUnitReportReporter -->
<testsuite hostname="Latitude3590" failures="0" tests="3" name="introduction.Section14" time="19.770" errors="0" timestamp="2024-11-04T13:54:49 IST" skipped="0">
  <testcase classname="introduction.Section14" name="stream" time="0.038"/>
  <testcase classname="introduction.Section14" name="checkOrder" time="9.983"/>
  <testcase classname="introduction.Section14" name="chechSearch" time="9.749"/>
</testsuite> <!-- introduction.Section14 -->
