<?xml version="1.0" encoding="UTF-8"?>
<!-- Generated by org.testng.reporters.JUnitReportReporter -->
<testsuite hostname="Latitude3590" failures="0" tests="4" name="introduction.Locators2" time="33.843" errors="0" timestamp="2024-10-24T20:20:37 IST" skipped="0">
  <testcase classname="introduction.Locators2" name="traverse" time="6.135"/>
  <testcase classname="introduction.Locators2" name="windowActivities" time="6.886"/>
  <testcase classname="introduction.Locators2" name="spiceJet" time="14.715"/>
  <testcase classname="introduction.Locators2" name="dropDowns" time="6.107"/>
</testsuite> <!-- introduction.Locators2 -->
