<?xml version="1.0" encoding="UTF-8"?>
<!-- Generated by org.testng.reporters.JUnitReportReporter -->
<testsuite hostname="Latitude3590" failures="0" tests="2" name="bigbasket.tests.LoginTest" time="9.785" errors="0" timestamp="2025-01-15T19:54:58 IST" skipped="0">
  <testcase classname="bigbasket.tests.LoginTest" name="productSearch" time="0.416"/>
  <testcase classname="bigbasket.tests.LoginTest" name="loginFlow" time="9.369"/>
</testsuite> <!-- bigbasket.tests.LoginTest -->
