<?xml version="1.0" encoding="UTF-8"?>
<!-- Generated by org.testng.reporters.JUnitReportReporter -->
<testsuite hostname="Latitude3590" failures="0" tests="2" name="introduction2.Section11" time="4.208" errors="0" timestamp="2024-12-21T00:39:53 IST" skipped="1">
  <testcase classname="introduction2.Section11" name="calendarUI" time="4.208"/>
  <testcase classname="introduction2.Section11" name="countLinks">
    <skipped/>
  </testcase> <!-- countLinks -->
</testsuite> <!-- introduction2.Section11 -->
