<?xml version="1.0" encoding="UTF-8"?>
<!-- Generated by org.testng.reporters.JUnitReportReporter -->
<testsuite hostname="Latitude3590" failures="0" tests="2" name="introduction.GreenKart" time="7.867" errors="0" timestamp="2024-10-28T12:18:21 IST" skipped="0">
  <testcase classname="introduction.GreenKart" name="checkout" time="6.780"/>
  <testcase classname="introduction.GreenKart" name="addProduct" time="1.087"/>
</testsuite> <!-- introduction.GreenKart -->
