<?xml version="1.0" encoding="UTF-8"?>
<!-- Generated by org.testng.reporters.JUnitReportReporter -->
<testsuite hostname="Latitude3590" failures="0" tests="1" name="introduction.AmazonTest" time="1.632" errors="0" timestamp="2024-10-28T19:24:32 IST" skipped="0">
  <testcase classname="introduction.AmazonTest" name="mouseActions" time="1.632"/>
</testsuite> <!-- introduction.AmazonTest -->
