<?xml version="1.0" encoding="UTF-8"?>
<!-- Generated by org.testng.reporters.JUnitReportReporter -->
<testsuite hostname="Latitude3590" failures="0" tests="1" name="framework2.ErrorValidationTest" time="4.430" errors="0" timestamp="2025-01-05T18:06:34 IST" skipped="0">
  <testcase classname="framework2.ErrorValidationTest" name="loginErrorToastMsg" time="4.430"/>
</testsuite> <!-- framework2.ErrorValidationTest -->
