<?xml version="1.0" encoding="UTF-8"?>
<!-- Generated by org.testng.reporters.JUnitReportReporter -->
<testsuite hostname="Latitude3590" failures="0" tests="1" name="introduction.ChildWindows" time="1.792" errors="0" timestamp="2024-10-29T00:26:42 IST" skipped="0">
  <testcase classname="introduction.ChildWindows" name="childTab" time="1.792"/>
</testsuite> <!-- introduction.ChildWindows -->
