<?xml version="1.0" encoding="UTF-8"?>
<!-- Generated by org.testng.reporters.JUnitReportReporter -->
<testsuite hostname="Latitude3590" failures="0" tests="11" name="introduction2.Section14" time="1.068" errors="0" timestamp="2024-12-27T12:31:45 IST" skipped="8">
  <testcase classname="introduction2.Section14" name="checkOrder" time="0.829"/>
  <testcase classname="introduction2.Section14" name="checkSearchFunctionality" time="0.149"/>
  <testcase classname="introduction2.Section14" name="findPrice" time="0.090"/>
  <testcase classname="introduction2.Section14" name="streamCollect">
    <skipped/>
  </testcase> <!-- streamCollect -->
  <testcase classname="introduction2.Section14" name="streamUnique">
    <skipped/>
  </testcase> <!-- streamUnique -->
  <testcase classname="introduction2.Section14" name="mapStreams">
    <skipped/>
  </testcase> <!-- mapStreams -->
  <testcase classname="introduction2.Section14" name="streamSorted">
    <skipped/>
  </testcase> <!-- streamSorted -->
  <testcase classname="introduction2.Section14" name="streamConcat">
    <skipped/>
  </testcase> <!-- streamConcat -->
  <testcase classname="introduction2.Section14" name="filterStream">
    <skipped/>
  </testcase> <!-- filterStream -->
  <testcase classname="introduction2.Section14" name="ArrayDotAsListBehaviour">
    <skipped/>
  </testcase> <!-- ArrayDotAsListBehaviour -->
  <testcase classname="introduction2.Section14" name="streamAnyMatch">
    <skipped/>
  </testcase> <!-- streamAnyMatch -->
</testsuite> <!-- introduction2.Section14 -->
